# JRE version: Java(TM) SE Runtime Environment (8.0_261-b12) (build 1.8.0_261-b12)
# Java VM: Java HotSpot(TM) 64-Bit Server VM (25.261-b12 mixed mode windows-amd64 compressed oops)
Heap:
 PSYoungGen      total 50176K, used 41167K [0x000000076bb00000, 0x000000076f280000, 0x00000007c0000000)
  eden space 44544K, 90% used [0x000000076bb00000,0x000000076e23c090,0x000000076e680000)
  from space 5632K, 17% used [0x000000076ed00000,0x000000076edf7b88,0x000000076f280000)
  to   space 6144K, 0% used [0x000000076e680000,0x000000076e680000,0x000000076ec80000)
 ParOldGen       total 75264K, used 11632K [0x00000006c3000000, 0x00000006c7980000, 0x000000076bb00000)
  object space 75264K, 15% used [0x00000006c3000000,0x00000006c3b5c0e0,0x00000006c7980000)
 Metaspace       used 25464K, capacity 26366K, committed 26624K, reserved 1073152K
  class space    used 3024K, capacity 3267K, committed 3328K, reserved 1048576K
GC Heap History (10 events):
Event: 260.070 GC heap before
{Heap before GC invocations=23 (full 1):
 PSYoungGen      total 48640K, used 48131K [0x000000076bb00000, 0x000000076f700000, 0x00000007c0000000)
  eden space 47104K, 100% used [0x000000076bb00000,0x000000076e900000,0x000000076e900000)
  from space 1536K, 66% used [0x000000076e980000,0x000000076ea80f20,0x000000076eb00000)
  to   space 7168K, 0% used [0x000000076f000000,0x000000076f000000,0x000000076f700000)
 ParOldGen       total 75264K, used 11320K [0x00000006c3000000, 0x00000006c7980000, 0x000000076bb00000)
  object space 75264K, 15% used [0x00000006c3000000,0x00000006c3b0e0e0,0x00000006c7980000)
 Metaspace       used 25228K, capacity 26130K, committed 26368K, reserved 1073152K
  class space    used 3012K, capacity 3233K, committed 3328K, reserved 1048576K
Event: 260.072 GC heap after
Heap after GC invocations=23 (full 1):
 PSYoungGen      total 53248K, used 1028K [0x000000076bb00000, 0x000000076f680000, 0x00000007c0000000)
  eden space 46592K, 0% used [0x000000076bb00000,0x000000076bb00000,0x000000076e880000)
  from space 6656K, 15% used [0x000000076f000000,0x000000076f101388,0x000000076f680000)
  to   space 7168K, 0% used [0x000000076e880000,0x000000076e880000,0x000000076ef80000)
 ParOldGen       total 75264K, used 11424K [0x00000006c3000000, 0x00000006c7980000, 0x000000076bb00000)
  object space 75264K, 15% used [0x00000006c3000000,0x00000006c3b280e0,0x00000006c7980000)
 Metaspace       used 25228K, capacity 26130K, committed 26368K, reserved 1073152K
  class space    used 3012K, capacity 3233K, committed 3328K, reserved 1048576K
}
Event: 268.709 GC heap before
{Heap before GC invocations=24 (full 1):
 PSYoungGen      total 53248K, used 47620K [0x000000076bb00000, 0x000000076f680000, 0x00000007c0000000)
  eden space 46592K, 100% used [0x000000076bb00000,0x000000076e880000,0x000000076e880000)
  from space 6656K, 15% used [0x000000076f000000,0x000000076f101388,0x000000076f680000)
  to   space 7168K, 0% used [0x000000076e880000,0x000000076e880000,0x000000076ef80000)
 ParOldGen       total 75264K, used 11424K [0x00000006c3000000, 0x00000006c7980000, 0x000000076bb00000)
  object space 75264K, 15% used [0x00000006c3000000,0x00000006c3b280e0,0x00000006c7980000)
 Metaspace       used 25282K, capacity 26194K, committed 26368K, reserved 1073152K
  class space    used 3019K, capacity 3233K, committed 3328K, reserved 1048576K
Event: 268.710 GC heap after
Heap after GC invocations=24 (full 1):
 PSYoungGen      total 47104K, used 930K [0x000000076bb00000, 0x000000076f500000, 0x00000007c0000000)
  eden space 46080K, 0% used [0x000000076bb00000,0x000000076bb00000,0x000000076e800000)
  from space 1024K, 90% used [0x000000076e880000,0x000000076e968960,0x000000076e980000)
  to   space 6656K, 0% used [0x000000076ee80000,0x000000076ee80000,0x000000076f500000)
 ParOldGen       total 75264K, used 11496K [0x00000006c3000000, 0x00000006c7980000, 0x000000076bb00000)
  object space 75264K, 15% used [0x00000006c3000000,0x00000006c3b3a0e0,0x00000006c7980000)
 Metaspace       used 25282K, capacity 26194K, committed 26368K, reserved 1073152K
  class space    used 3019K, capacity 3233K, committed 3328K, reserved 1048576K
}
Event: 279.728 GC heap before
{Heap before GC invocations=25 (full 1):
 PSYoungGen      total 47104K, used 47010K [0x000000076bb00000, 0x000000076f500000, 0x00000007c0000000)
  eden space 46080K, 100% used [0x000000076bb00000,0x000000076e800000,0x000000076e800000)
  from space 1024K, 90% used [0x000000076e880000,0x000000076e968960,0x000000076e980000)
  to   space 6656K, 0% used [0x000000076ee80000,0x000000076ee80000,0x000000076f500000)
 ParOldGen       total 75264K, used 11496K [0x00000006c3000000, 0x00000006c7980000, 0x000000076bb00000)
  object space 75264K, 15% used [0x00000006c3000000,0x00000006c3b3a0e0,0x00000006c7980000)
 Metaspace       used 25282K, capacity 26194K, committed 26368K, reserved 1073152K
  class space    used 3019K, capacity 3233K, committed 3328K, reserved 1048576K
Event: 279.730 GC heap after
Heap after GC invocations=25 (full 1):
 PSYoungGen      total 51712K, used 1136K [0x000000076bb00000, 0x000000076f480000, 0x00000007c0000000)
  eden space 45568K, 0% used [0x000000076bb00000,0x000000076bb00000,0x000000076e780000)
  from space 6144K, 18% used [0x000000076ee80000,0x000000076ef9c388,0x000000076f480000)
  to   space 6656K, 0% used [0x000000076e780000,0x000000076e780000,0x000000076ee00000)
 ParOldGen       total 75264K, used 11536K [0x00000006c3000000, 0x00000006c7980000, 0x000000076bb00000)
  object space 75264K, 15% used [0x00000006c3000000,0x00000006c3b440e0,0x00000006c7980000)
 Metaspace       used 25282K, capacity 26194K, committed 26368K, reserved 1073152K
  class space    used 3019K, capacity 3233K, committed 3328K, reserved 1048576K
}
Event: 288.386 GC heap before
{Heap before GC invocations=26 (full 1):
 PSYoungGen      total 51712K, used 46704K [0x000000076bb00000, 0x000000076f480000, 0x00000007c0000000)
  eden space 45568K, 100% used [0x000000076bb00000,0x000000076e780000,0x000000076e780000)
  from space 6144K, 18% used [0x000000076ee80000,0x000000076ef9c388,0x000000076f480000)
  to   space 6656K, 0% used [0x000000076e780000,0x000000076e780000,0x000000076ee00000)
 ParOldGen       total 75264K, used 11536K [0x00000006c3000000, 0x00000006c7980000, 0x000000076bb00000)
  object space 75264K, 15% used [0x00000006c3000000,0x00000006c3b440e0,0x00000006c7980000)
 Metaspace       used 25285K, capacity 26206K, committed 26368K, reserved 1073152K
  class space    used 3020K, capacity 3235K, committed 3328K, reserved 1048576K
Event: 288.387 GC heap after
Heap after GC invocations=26 (full 1):
 PSYoungGen      total 46080K, used 996K [0x000000076bb00000, 0x000000076f300000, 0x00000007c0000000)
  eden space 45056K, 0% used [0x000000076bb00000,0x000000076bb00000,0x000000076e700000)
  from space 1024K, 97% used [0x000000076e780000,0x000000076e879388,0x000000076e880000)
  to   space 6144K, 0% used [0x000000076ed00000,0x000000076ed00000,0x000000076f300000)
 ParOldGen       total 75264K, used 11584K [0x00000006c3000000, 0x00000006c7980000, 0x000000076bb00000)
  object space 75264K, 15% used [0x00000006c3000000,0x00000006c3b500e0,0x00000006c7980000)
 Metaspace       used 25285K, capacity 26206K, committed 26368K, reserved 1073152K
  class space    used 3020K, capacity 3235K, committed 3328K, reserved 1048576K
}
Event: 299.099 GC heap before
{Heap before GC invocations=27 (full 1):
 PSYoungGen      total 46080K, used 46052K [0x000000076bb00000, 0x000000076f300000, 0x00000007c0000000)
  eden space 45056K, 100% used [0x000000076bb00000,0x000000076e700000,0x000000076e700000)
  from space 1024K, 97% used [0x000000076e780000,0x000000076e879388,0x000000076e880000)
  to   space 6144K, 0% used [0x000000076ed00000,0x000000076ed00000,0x000000076f300000)
 ParOldGen       total 75264K, used 11584K [0x00000006c3000000, 0x00000006c7980000, 0x000000076bb00000)
  object space 75264K, 15% used [0x00000006c3000000,0x00000006c3b500e0,0x00000006c7980000)
 Metaspace       used 25314K, capacity 26206K, committed 26368K, reserved 1073152K
  class space    used 3022K, capacity 3235K, committed 3328K, reserved 1048576K
Event: 299.100 GC heap after
Heap after GC invocations=27 (full 1):
 PSYoungGen      total 50176K, used 990K [0x000000076bb00000, 0x000000076f280000, 0x00000007c0000000)
  eden space 44544K, 0% used [0x000000076bb00000,0x000000076bb00000,0x000000076e680000)
  from space 5632K, 17% used [0x000000076ed00000,0x000000076edf7b88,0x000000076f280000)
  to   space 6144K, 0% used [0x000000076e680000,0x000000076e680000,0x000000076ec80000)
 ParOldGen       total 75264K, used 11632K [0x00000006c3000000, 0x00000006c7980000, 0x000000076bb00000)
  object space 75264K, 15% used [0x00000006c3000000,0x00000006c3b5c0e0,0x00000006c7980000)
 Metaspace       used 25314K, capacity 26206K, committed 26368K, reserved 1073152K
  class space    used 3022K, capacity 3235K, committed 3328K, reserved 1048576K
}

