# JRE version: Java(TM) SE Runtime Environment (8.0_261-b12) (build 1.8.0_261-b12)
# Java VM: Java HotSpot(TM) 64-Bit Server VM (25.261-b12 mixed mode windows-amd64 compressed oops)
Heap:
 PSYoungGen      total 85504K, used 69896K [0x000000076bb00000, 0x0000000772400000, 0x00000007c0000000)
  eden space 83456K, 81% used [0x000000076bb00000,0x000000076fd74850,0x0000000770c80000)
  from space 2048K, 90% used [0x0000000770e80000,0x000000077104db08,0x0000000771080000)
  to   space 11264K, 0% used [0x0000000771900000,0x0000000771900000,0x0000000772400000)
 ParOldGen       total 120320K, used 10178K [0x00000006c3000000, 0x00000006ca580000, 0x000000076bb00000)
  object space 120320K, 8% used [0x00000006c3000000,0x00000006c39f0b10,0x00000006ca580000)
 Metaspace       used 22532K, capacity 23444K, committed 23680K, reserved 1071104K
  class space    used 2647K, capacity 2874K, committed 2944K, reserved 1048576K
GC Heap History (10 events):
Event: 55.208 GC heap before
{Heap before GC invocations=6 (full 1):
 PSYoungGen      total 84992K, used 79024K [0x000000076bb00000, 0x0000000771b80000, 0x00000007c0000000)
  eden space 77312K, 100% used [0x000000076bb00000,0x0000000770680000,0x0000000770680000)
  from space 7680K, 22% used [0x0000000771400000,0x00000007715ac348,0x0000000771b80000)
  to   space 10752K, 0% used [0x0000000770680000,0x0000000770680000,0x0000000771100000)
 ParOldGen       total 120320K, used 10138K [0x00000006c3000000, 0x00000006ca580000, 0x000000076bb00000)
  object space 120320K, 8% used [0x00000006c3000000,0x00000006c39e6b10,0x00000006ca580000)
 Metaspace       used 21906K, capacity 22796K, committed 22912K, reserved 1069056K
  class space    used 2628K, capacity 2838K, committed 2944K, reserved 1048576K
Event: 55.209 GC heap after
Heap after GC invocations=6 (full 1):
 PSYoungGen      total 88064K, used 1942K [0x000000076bb00000, 0x0000000772c00000, 0x00000007c0000000)
  eden space 77312K, 0% used [0x000000076bb00000,0x000000076bb00000,0x0000000770680000)
  from space 10752K, 18% used [0x0000000770680000,0x0000000770865ae8,0x0000000771100000)
  to   space 13312K, 0% used [0x0000000771f00000,0x0000000771f00000,0x0000000772c00000)
 ParOldGen       total 120320K, used 10146K [0x00000006c3000000, 0x00000006ca580000, 0x000000076bb00000)
  object space 120320K, 8% used [0x00000006c3000000,0x00000006c39e8b10,0x00000006ca580000)
 Metaspace       used 21906K, capacity 22796K, committed 22912K, reserved 1069056K
  class space    used 2628K, capacity 2838K, committed 2944K, reserved 1048576K
}
Event: 70.402 GC heap before
{Heap before GC invocations=7 (full 1):
 PSYoungGen      total 88064K, used 79254K [0x000000076bb00000, 0x0000000772c00000, 0x00000007c0000000)
  eden space 77312K, 100% used [0x000000076bb00000,0x0000000770680000,0x0000000770680000)
  from space 10752K, 18% used [0x0000000770680000,0x0000000770865ae8,0x0000000771100000)
  to   space 13312K, 0% used [0x0000000771f00000,0x0000000771f00000,0x0000000772c00000)
 ParOldGen       total 120320K, used 10146K [0x00000006c3000000, 0x00000006ca580000, 0x000000076bb00000)
  object space 120320K, 8% used [0x00000006c3000000,0x00000006c39e8b10,0x00000006ca580000)
 Metaspace       used 22051K, capacity 22932K, committed 23168K, reserved 1069056K
  class space    used 2628K, capacity 2838K, committed 2944K, reserved 1048576K
Event: 70.404 GC heap after
Heap after GC invocations=7 (full 1):
 PSYoungGen      total 96256K, used 1792K [0x000000076bb00000, 0x0000000772880000, 0x00000007c0000000)
  eden space 86528K, 0% used [0x000000076bb00000,0x000000076bb00000,0x0000000770f80000)
  from space 9728K, 18% used [0x0000000771f00000,0x00000007720c0328,0x0000000772880000)
  to   space 12800K, 0% used [0x0000000770f80000,0x0000000770f80000,0x0000000771c00000)
 ParOldGen       total 120320K, used 10154K [0x00000006c3000000, 0x00000006ca580000, 0x000000076bb00000)
  object space 120320K, 8% used [0x00000006c3000000,0x00000006c39eab10,0x00000006ca580000)
 Metaspace       used 22051K, capacity 22932K, committed 23168K, reserved 1069056K
  class space    used 2628K, capacity 2838K, committed 2944K, reserved 1048576K
}
Event: 90.020 GC heap before
{Heap before GC invocations=8 (full 1):
 PSYoungGen      total 96256K, used 88320K [0x000000076bb00000, 0x0000000772880000, 0x00000007c0000000)
  eden space 86528K, 100% used [0x000000076bb00000,0x0000000770f80000,0x0000000770f80000)
  from space 9728K, 18% used [0x0000000771f00000,0x00000007720c0328,0x0000000772880000)
  to   space 12800K, 0% used [0x0000000770f80000,0x0000000770f80000,0x0000000771c00000)
 ParOldGen       total 120320K, used 10154K [0x00000006c3000000, 0x00000006ca580000, 0x000000076bb00000)
  object space 120320K, 8% used [0x00000006c3000000,0x00000006c39eab10,0x00000006ca580000)
 Metaspace       used 22214K, capacity 23160K, committed 23424K, reserved 1069056K
  class space    used 2630K, capacity 2870K, committed 2944K, reserved 1048576K
Event: 90.021 GC heap after
Heap after GC invocations=8 (full 1):
 PSYoungGen      total 99328K, used 2056K [0x000000076bb00000, 0x0000000772f80000, 0x00000007c0000000)
  eden space 86528K, 0% used [0x000000076bb00000,0x000000076bb00000,0x0000000770f80000)
  from space 12800K, 16% used [0x0000000770f80000,0x0000000771182320,0x0000000771c00000)
  to   space 12288K, 0% used [0x0000000772380000,0x0000000772380000,0x0000000772f80000)
 ParOldGen       total 120320K, used 10162K [0x00000006c3000000, 0x00000006ca580000, 0x000000076bb00000)
  object space 120320K, 8% used [0x00000006c3000000,0x00000006c39ecb10,0x00000006ca580000)
 Metaspace       used 22214K, capacity 23160K, committed 23424K, reserved 1069056K
  class space    used 2630K, capacity 2870K, committed 2944K, reserved 1048576K
}
Event: 107.548 GC heap before
{Heap before GC invocations=9 (full 1):
 PSYoungGen      total 99328K, used 88584K [0x000000076bb00000, 0x0000000772f80000, 0x00000007c0000000)
  eden space 86528K, 100% used [0x000000076bb00000,0x0000000770f80000,0x0000000770f80000)
  from space 12800K, 16% used [0x0000000770f80000,0x0000000771182320,0x0000000771c00000)
  to   space 12288K, 0% used [0x0000000772380000,0x0000000772380000,0x0000000772f80000)
 ParOldGen       total 120320K, used 10162K [0x00000006c3000000, 0x00000006ca580000, 0x000000076bb00000)
  object space 120320K, 8% used [0x00000006c3000000,0x00000006c39ecb10,0x00000006ca580000)
 Metaspace       used 22364K, capacity 23294K, committed 23424K, reserved 1069056K
  class space    used 2632K, capacity 2871K, committed 2944K, reserved 1048576K
Event: 107.549 GC heap after
Heap after GC invocations=9 (full 1):
 PSYoungGen      total 87040K, used 1797K [0x000000076bb00000, 0x0000000772580000, 0x00000007c0000000)
  eden space 84992K, 0% used [0x000000076bb00000,0x000000076bb00000,0x0000000770e00000)
  from space 2048K, 87% used [0x0000000772380000,0x00000007725416d8,0x0000000772580000)
  to   space 11776K, 0% used [0x0000000770e80000,0x0000000770e80000,0x0000000771a00000)
 ParOldGen       total 120320K, used 10170K [0x00000006c3000000, 0x00000006ca580000, 0x000000076bb00000)
  object space 120320K, 8% used [0x00000006c3000000,0x00000006c39eeb10,0x00000006ca580000)
 Metaspace       used 22364K, capacity 23294K, committed 23424K, reserved 1069056K
  class space    used 2632K, capacity 2871K, committed 2944K, reserved 1048576K
}
Event: 127.272 GC heap before
{Heap before GC invocations=10 (full 1):
 PSYoungGen      total 87040K, used 86789K [0x000000076bb00000, 0x0000000772580000, 0x00000007c0000000)
  eden space 84992K, 100% used [0x000000076bb00000,0x0000000770e00000,0x0000000770e00000)
  from space 2048K, 87% used [0x0000000772380000,0x00000007725416d8,0x0000000772580000)
  to   space 11776K, 0% used [0x0000000770e80000,0x0000000770e80000,0x0000000771a00000)
 ParOldGen       total 120320K, used 10170K [0x00000006c3000000, 0x00000006ca580000, 0x000000076bb00000)
  object space 120320K, 8% used [0x00000006c3000000,0x00000006c39eeb10,0x00000006ca580000)
 Metaspace       used 22406K, capacity 23308K, committed 23424K, reserved 1069056K
  class space    used 2635K, capacity 2872K, committed 2944K, reserved 1048576K
Event: 127.274 GC heap after
Heap after GC invocations=10 (full 1):
 PSYoungGen      total 85504K, used 1846K [0x000000076bb00000, 0x0000000772400000, 0x00000007c0000000)
  eden space 83456K, 0% used [0x000000076bb00000,0x000000076bb00000,0x0000000770c80000)
  from space 2048K, 90% used [0x0000000770e80000,0x000000077104db08,0x0000000771080000)
  to   space 11264K, 0% used [0x0000000771900000,0x0000000771900000,0x0000000772400000)
 ParOldGen       total 120320K, used 10178K [0x00000006c3000000, 0x00000006ca580000, 0x000000076bb00000)
  object space 120320K, 8% used [0x00000006c3000000,0x00000006c39f0b10,0x00000006ca580000)
 Metaspace       used 22406K, capacity 23308K, committed 23424K, reserved 1069056K
  class space    used 2635K, capacity 2872K, committed 2944K, reserved 1048576K
}

