# JRE version: Java(TM) SE Runtime Environment (8.0_261-b12) (build 1.8.0_261-b12)
# Java VM: Java HotSpot(TM) 64-Bit Server VM (25.261-b12 mixed mode windows-amd64 compressed oops)
Heap:
 PSYoungGen      total 82944K, used 27557K [0x000000076bb00000, 0x0000000772180000, 0x00000007c0000000)
  eden space 72192K, 35% used [0x000000076bb00000,0x000000076d42da38,0x0000000770180000)
  from space 10752K, 16% used [0x0000000770180000,0x000000077033bc18,0x0000000770c00000)
  to   space 13312K, 0% used [0x0000000771480000,0x0000000771480000,0x0000000772180000)
 ParOldGen       total 129024K, used 10231K [0x00000006c3000000, 0x00000006cae00000, 0x000000076bb00000)
  object space 129024K, 7% used [0x00000006c3000000,0x00000006c39fdc98,0x00000006cae00000)
 Metaspace       used 22137K, capacity 23076K, committed 23168K, reserved 1069056K
  class space    used 2635K, capacity 2870K, committed 2944K, reserved 1048576K
GC Heap History (10 events):
Event: 7.792 GC heap before
{Heap before GC invocations=2 (full 0):
 PSYoungGen      total 75776K, used 49467K [0x000000076bb00000, 0x0000000770f80000, 0x00000007c0000000)
  eden space 65024K, 62% used [0x000000076bb00000,0x000000076e2761b8,0x000000076fa80000)
  from space 10752K, 84% used [0x000000076fa80000,0x0000000770358a88,0x0000000770500000)
  to   space 10752K, 0% used [0x0000000770500000,0x0000000770500000,0x0000000770f80000)
 ParOldGen       total 173568K, used 88K [0x00000006c3000000, 0x00000006cd980000, 0x000000076bb00000)
  object space 173568K, 0% used [0x00000006c3000000,0x00000006c3016010,0x00000006cd980000)
 Metaspace       used 20310K, capacity 21124K, committed 21248K, reserved 1067008K
  class space    used 2476K, capacity 2692K, committed 2816K, reserved 1048576K
Event: 7.815 GC heap after
Heap after GC invocations=2 (full 0):
 PSYoungGen      total 75776K, used 10463K [0x000000076bb00000, 0x0000000770f80000, 0x00000007c0000000)
  eden space 65024K, 0% used [0x000000076bb00000,0x000000076bb00000,0x000000076fa80000)
  from space 10752K, 97% used [0x0000000770500000,0x0000000770f37ff8,0x0000000770f80000)
  to   space 10752K, 0% used [0x000000076fa80000,0x000000076fa80000,0x0000000770500000)
 ParOldGen       total 173568K, used 96K [0x00000006c3000000, 0x00000006cd980000, 0x000000076bb00000)
  object space 173568K, 0% used [0x00000006c3000000,0x00000006c3018010,0x00000006cd980000)
 Metaspace       used 20310K, capacity 21124K, committed 21248K, reserved 1067008K
  class space    used 2476K, capacity 2692K, committed 2816K, reserved 1048576K
}
Event: 7.815 GC heap before
{Heap before GC invocations=3 (full 1):
 PSYoungGen      total 75776K, used 10463K [0x000000076bb00000, 0x0000000770f80000, 0x00000007c0000000)
  eden space 65024K, 0% used [0x000000076bb00000,0x000000076bb00000,0x000000076fa80000)
  from space 10752K, 97% used [0x0000000770500000,0x0000000770f37ff8,0x0000000770f80000)
  to   space 10752K, 0% used [0x000000076fa80000,0x000000076fa80000,0x0000000770500000)
 ParOldGen       total 173568K, used 96K [0x00000006c3000000, 0x00000006cd980000, 0x000000076bb00000)
  object space 173568K, 0% used [0x00000006c3000000,0x00000006c3018010,0x00000006cd980000)
 Metaspace       used 20310K, capacity 21124K, committed 21248K, reserved 1067008K
  class space    used 2476K, capacity 2692K, committed 2816K, reserved 1048576K
Event: 7.944 GC heap after
Heap after GC invocations=3 (full 1):
 PSYoungGen      total 75776K, used 0K [0x000000076bb00000, 0x0000000770f80000, 0x00000007c0000000)
  eden space 65024K, 0% used [0x000000076bb00000,0x000000076bb00000,0x000000076fa80000)
  from space 10752K, 0% used [0x0000000770500000,0x0000000770500000,0x0000000770f80000)
  to   space 10752K, 0% used [0x000000076fa80000,0x000000076fa80000,0x0000000770500000)
 ParOldGen       total 129024K, used 10207K [0x00000006c3000000, 0x00000006cae00000, 0x000000076bb00000)
  object space 129024K, 7% used [0x00000006c3000000,0x00000006c39f7c98,0x00000006cae00000)
 Metaspace       used 20304K, capacity 21108K, committed 21248K, reserved 1067008K
  class space    used 2473K, capacity 2688K, committed 2816K, reserved 1048576K
}
Event: 25.069 GC heap before
{Heap before GC invocations=4 (full 1):
 PSYoungGen      total 75776K, used 65024K [0x000000076bb00000, 0x0000000770f80000, 0x00000007c0000000)
  eden space 65024K, 100% used [0x000000076bb00000,0x000000076fa80000,0x000000076fa80000)
  from space 10752K, 0% used [0x0000000770500000,0x0000000770500000,0x0000000770f80000)
  to   space 10752K, 0% used [0x000000076fa80000,0x000000076fa80000,0x0000000770500000)
 ParOldGen       total 129024K, used 10207K [0x00000006c3000000, 0x00000006cae00000, 0x000000076bb00000)
  object space 129024K, 7% used [0x00000006c3000000,0x00000006c39f7c98,0x00000006cae00000)
 Metaspace       used 21584K, capacity 22478K, committed 22656K, reserved 1069056K
  class space    used 2616K, capacity 2831K, committed 2944K, reserved 1048576K
Event: 25.072 GC heap after
Heap after GC invocations=4 (full 1):
 PSYoungGen      total 75776K, used 1969K [0x000000076bb00000, 0x0000000771880000, 0x00000007c0000000)
  eden space 65024K, 0% used [0x000000076bb00000,0x000000076bb00000,0x000000076fa80000)
  from space 10752K, 18% used [0x000000076fa80000,0x000000076fc6c480,0x0000000770500000)
  to   space 10752K, 0% used [0x0000000770e00000,0x0000000770e00000,0x0000000771880000)
 ParOldGen       total 129024K, used 10215K [0x00000006c3000000, 0x00000006cae00000, 0x000000076bb00000)
  object space 129024K, 7% used [0x00000006c3000000,0x00000006c39f9c98,0x00000006cae00000)
 Metaspace       used 21584K, capacity 22478K, committed 22656K, reserved 1069056K
  class space    used 2616K, capacity 2831K, committed 2944K, reserved 1048576K
}
Event: 38.788 GC heap before
{Heap before GC invocations=5 (full 1):
 PSYoungGen      total 75776K, used 66993K [0x000000076bb00000, 0x0000000771880000, 0x00000007c0000000)
  eden space 65024K, 100% used [0x000000076bb00000,0x000000076fa80000,0x000000076fa80000)
  from space 10752K, 18% used [0x000000076fa80000,0x000000076fc6c480,0x0000000770500000)
  to   space 10752K, 0% used [0x0000000770e00000,0x0000000770e00000,0x0000000771880000)
 ParOldGen       total 129024K, used 10215K [0x00000006c3000000, 0x00000006cae00000, 0x000000076bb00000)
  object space 129024K, 7% used [0x00000006c3000000,0x00000006c39f9c98,0x00000006cae00000)
 Metaspace       used 21840K, capacity 22808K, committed 22912K, reserved 1069056K
  class space    used 2630K, capacity 2870K, committed 2944K, reserved 1048576K
Event: 38.791 GC heap after
Heap after GC invocations=5 (full 1):
 PSYoungGen      total 80896K, used 1680K [0x000000076bb00000, 0x0000000771680000, 0x00000007c0000000)
  eden space 72192K, 0% used [0x000000076bb00000,0x000000076bb00000,0x0000000770180000)
  from space 8704K, 19% used [0x0000000770e00000,0x0000000770fa4348,0x0000000771680000)
  to   space 10752K, 0% used [0x0000000770180000,0x0000000770180000,0x0000000770c00000)
 ParOldGen       total 129024K, used 10223K [0x00000006c3000000, 0x00000006cae00000, 0x000000076bb00000)
  object space 129024K, 7% used [0x00000006c3000000,0x00000006c39fbc98,0x00000006cae00000)
 Metaspace       used 21840K, capacity 22808K, committed 22912K, reserved 1069056K
  class space    used 2630K, capacity 2870K, committed 2944K, reserved 1048576K
}
Event: 54.155 GC heap before
{Heap before GC invocations=6 (full 1):
 PSYoungGen      total 80896K, used 73872K [0x000000076bb00000, 0x0000000771680000, 0x00000007c0000000)
  eden space 72192K, 100% used [0x000000076bb00000,0x0000000770180000,0x0000000770180000)
  from space 8704K, 19% used [0x0000000770e00000,0x0000000770fa4348,0x0000000771680000)
  to   space 10752K, 0% used [0x0000000770180000,0x0000000770180000,0x0000000770c00000)
 ParOldGen       total 129024K, used 10223K [0x00000006c3000000, 0x00000006cae00000, 0x000000076bb00000)
  object space 129024K, 7% used [0x00000006c3000000,0x00000006c39fbc98,0x00000006cae00000)
 Metaspace       used 21960K, capacity 22944K, committed 23168K, reserved 1069056K
  class space    used 2632K, capacity 2870K, committed 2944K, reserved 1048576K
Event: 54.157 GC heap after
Heap after GC invocations=6 (full 1):
 PSYoungGen      total 82944K, used 1775K [0x000000076bb00000, 0x0000000772180000, 0x00000007c0000000)
  eden space 72192K, 0% used [0x000000076bb00000,0x000000076bb00000,0x0000000770180000)
  from space 10752K, 16% used [0x0000000770180000,0x000000077033bc18,0x0000000770c00000)
  to   space 13312K, 0% used [0x0000000771480000,0x0000000771480000,0x0000000772180000)
 ParOldGen       total 129024K, used 10231K [0x00000006c3000000, 0x00000006cae00000, 0x000000076bb00000)
  object space 129024K, 7% used [0x00000006c3000000,0x00000006c39fdc98,0x00000006cae00000)
 Metaspace       used 21960K, capacity 22944K, committed 23168K, reserved 1069056K
  class space    used 2632K, capacity 2870K, committed 2944K, reserved 1048576K
}

